app/build/intermediates/manifest_merge_blame_file/debug/processDebugMainManifest/manifest-merger-blame-debug-report.txt
1<?xml version="1.0" encoding="utf-8"?>
2<manifest xmlns:android="http://schemas.android.com/apk/res/android"
3    package="com.example.techno_pulse"
4    android:versionCode="1"
5    android:versionName="1.0" >
6
7    <uses-sdk
8        android:minSdkVersion="24"
9        android:targetSdkVersion="35" />
10
11    <uses-permission android:name="android.permission.INTERNET" />
11-->src\main\AndroidManifest.xml:5:5-66
11-->src\main\AndroidManifest.xml:5:22-64
12    <uses-permission android:name="android.permission.ACCESS_NETWORK_STATE" />
12-->[com.google.firebase:firebase-auth:23.2.1] AndroidManifest.xml:26:5-79
12-->[com.google.firebase:firebase-auth:23.2.1] AndroidManifest.xml:26:22-76
13    <uses-permission android:name="com.google.android.providers.gsf.permission.READ_GSERVICES" />
13-->[com.google.android.recaptcha:recaptcha:18.6.1] AndroidManifest.xml:9:5-98
13-->[com.google.android.recaptcha:recaptcha:18.6.1] AndroidManifest.xml:9:22-95
14
15    <permission
15-->[androidx.core:core:1.13.1] AndroidManifest.xml:22:5-24:47
16        android:name="com.example.techno_pulse.DYNAMIC_RECEIVER_NOT_EXPORTED_PERMISSION"
16-->[androidx.core:core:1.13.1] AndroidManifest.xml:23:9-81
17        android:protectionLevel="signature" />
17-->[androidx.core:core:1.13.1] AndroidManifest.xml:24:9-44
18
19    <uses-permission android:name="com.example.techno_pulse.DYNAMIC_RECEIVER_NOT_EXPORTED_PERMISSION" />
19-->[androidx.core:core:1.13.1] AndroidManifest.xml:26:5-97
19-->[androidx.core:core:1.13.1] AndroidManifest.xml:26:22-94
20
21    <application
21-->src\main\AndroidManifest.xml:7:5-52:19
22        android:allowBackup="true"
22-->src\main\AndroidManifest.xml:8:9-35
23        android:appComponentFactory="androidx.core.app.CoreComponentFactory"
23-->[androidx.core:core:1.13.1] AndroidManifest.xml:28:18-86
24        android:dataExtractionRules="@xml/data_extraction_rules"
24-->src\main\AndroidManifest.xml:9:9-65
25        android:debuggable="true"
26        android:extractNativeLibs="false"
27        android:fullBackupContent="@xml/backup_rules"
27-->src\main\AndroidManifest.xml:10:9-54
28        android:icon="@mipmap/ic_launcher"
28-->src\main\AndroidManifest.xml:11:9-43
29        android:label="@string/app_name"
29-->src\main\AndroidManifest.xml:12:9-41
30        android:roundIcon="@mipmap/ic_launcher_round"
30-->src\main\AndroidManifest.xml:13:9-54
31        android:supportsRtl="true"
31-->src\main\AndroidManifest.xml:14:9-35
32        android:testOnly="true"
33        android:theme="@style/Theme.Techno_Pulse" >
33-->src\main\AndroidManifest.xml:15:9-50
34
35        <!-- Main (Launch) Activity -->
36        <activity
36-->src\main\AndroidManifest.xml:19:9-26:20
37            android:name="com.example.techno_pulse.SplashActivity"
37-->src\main\AndroidManifest.xml:20:13-43
38            android:exported="true" >
38-->src\main\AndroidManifest.xml:21:13-36
39            <intent-filter>
39-->src\main\AndroidManifest.xml:22:13-25:29
40                <action android:name="android.intent.action.MAIN" />
40-->src\main\AndroidManifest.xml:23:17-69
40-->src\main\AndroidManifest.xml:23:25-66
41
42                <category android:name="android.intent.category.LAUNCHER" />
42-->src\main\AndroidManifest.xml:24:17-77
42-->src\main\AndroidManifest.xml:24:27-74
43            </intent-filter>
44        </activity>
45        <activity android:name="com.example.techno_pulse.Splash2Activity" />
45-->src\main\AndroidManifest.xml:27:9-53
45-->src\main\AndroidManifest.xml:27:19-50
46
47        <!-- Signup Activity -->
48        <activity
48-->src\main\AndroidManifest.xml:30:9-34:57
49            android:name="com.example.techno_pulse.SignupActivity"
49-->src\main\AndroidManifest.xml:31:13-43
50            android:exported="false"
50-->src\main\AndroidManifest.xml:32:13-37
51            android:theme="@style/Theme.Techno_Pulse"
51-->src\main\AndroidManifest.xml:33:13-54
52            android:windowSoftInputMode="adjustResize" />
52-->src\main\AndroidManifest.xml:34:13-55
53
54        <!-- Login Activity -->
55        <activity
55-->src\main\AndroidManifest.xml:37:9-40:57
56            android:name="com.example.techno_pulse.LoginActivity"
56-->src\main\AndroidManifest.xml:38:13-42
57            android:exported="false"
57-->src\main\AndroidManifest.xml:39:13-37
58            android:theme="@style/Theme.Techno_Pulse" />
58-->src\main\AndroidManifest.xml:40:13-54
59
60        <!-- Dashboard Activity -->
61        <activity
61-->src\main\AndroidManifest.xml:43:9-46:57
62            android:name="com.example.techno_pulse.DashboardActivity"
62-->src\main\AndroidManifest.xml:44:13-46
63            android:exported="false"
63-->src\main\AndroidManifest.xml:45:13-37
64            android:theme="@style/Theme.Techno_Pulse" />
64-->src\main\AndroidManifest.xml:46:13-54
65        <activity android:name="com.example.techno_pulse.ArticleDetailActivity" />
65-->src\main\AndroidManifest.xml:48:9-59
65-->src\main\AndroidManifest.xml:48:19-56
66        <activity android:name="com.example.techno_pulse.UserDetailsActivity" />
66-->src\main\AndroidManifest.xml:49:9-57
66-->src\main\AndroidManifest.xml:49:19-54
67        <activity android:name="com.example.techno_pulse.DeveloperDetailsActivity" />
67-->src\main\AndroidManifest.xml:50:9-62
67-->src\main\AndroidManifest.xml:50:19-59
68        <activity
68-->[com.google.firebase:firebase-auth:23.2.1] AndroidManifest.xml:29:9-46:20
69            android:name="com.google.firebase.auth.internal.GenericIdpActivity"
69-->[com.google.firebase:firebase-auth:23.2.1] AndroidManifest.xml:30:13-80
70            android:excludeFromRecents="true"
70-->[com.google.firebase:firebase-auth:23.2.1] AndroidManifest.xml:31:13-46
71            android:exported="true"
71-->[com.google.firebase:firebase-auth:23.2.1] AndroidManifest.xml:32:13-36
72            android:launchMode="singleTask"
72-->[com.google.firebase:firebase-auth:23.2.1] AndroidManifest.xml:33:13-44
73            android:theme="@android:style/Theme.Translucent.NoTitleBar" >
73-->[com.google.firebase:firebase-auth:23.2.1] AndroidManifest.xml:34:13-72
74            <intent-filter>
74-->[com.google.firebase:firebase-auth:23.2.1] AndroidManifest.xml:35:13-45:29
75                <action android:name="android.intent.action.VIEW" />
75-->[com.google.firebase:firebase-auth:23.2.1] AndroidManifest.xml:36:17-69
75-->[com.google.firebase:firebase-auth:23.2.1] AndroidManifest.xml:36:25-66
76
77                <category android:name="android.intent.category.DEFAULT" />
77-->[com.google.firebase:firebase-auth:23.2.1] AndroidManifest.xml:38:17-76
77-->[com.google.firebase:firebase-auth:23.2.1] AndroidManifest.xml:38:27-73
78                <category android:name="android.intent.category.BROWSABLE" />
78-->[com.google.firebase:firebase-auth:23.2.1] AndroidManifest.xml:39:17-78
78-->[com.google.firebase:firebase-auth:23.2.1] AndroidManifest.xml:39:27-75
79
80                <data
80-->[com.google.firebase:firebase-auth:23.2.1] AndroidManifest.xml:41:17-44:51
81                    android:host="firebase.auth"
81-->[com.google.firebase:firebase-auth:23.2.1] AndroidManifest.xml:42:21-49
82                    android:path="/"
82-->[com.google.firebase:firebase-auth:23.2.1] AndroidManifest.xml:43:21-37
83                    android:scheme="genericidp" />
83-->[com.google.firebase:firebase-auth:23.2.1] AndroidManifest.xml:44:21-48
84            </intent-filter>
85        </activity>
86        <activity
86-->[com.google.firebase:firebase-auth:23.2.1] AndroidManifest.xml:47:9-64:20
87            android:name="com.google.firebase.auth.internal.RecaptchaActivity"
87-->[com.google.firebase:firebase-auth:23.2.1] AndroidManifest.xml:48:13-79
88            android:excludeFromRecents="true"
88-->[com.google.firebase:firebase-auth:23.2.1] AndroidManifest.xml:49:13-46
89            android:exported="true"
89-->[com.google.firebase:firebase-auth:23.2.1] AndroidManifest.xml:50:13-36
90            android:launchMode="singleTask"
90-->[com.google.firebase:firebase-auth:23.2.1] AndroidManifest.xml:51:13-44
91            android:theme="@android:style/Theme.Translucent.NoTitleBar" >
91-->[com.google.firebase:firebase-auth:23.2.1] AndroidManifest.xml:52:13-72
92            <intent-filter>
92-->[com.google.firebase:firebase-auth:23.2.1] AndroidManifest.xml:53:13-63:29
93                <action android:name="android.intent.action.VIEW" />
93-->[com.google.firebase:firebase-auth:23.2.1] AndroidManifest.xml:36:17-69
93-->[com.google.firebase:firebase-auth:23.2.1] AndroidManifest.xml:36:25-66
94
95                <category android:name="android.intent.category.DEFAULT" />
95-->[com.google.firebase:firebase-auth:23.2.1] AndroidManifest.xml:38:17-76
95-->[com.google.firebase:firebase-auth:23.2.1] AndroidManifest.xml:38:27-73
96                <category android:name="android.intent.category.BROWSABLE" />
96-->[com.google.firebase:firebase-auth:23.2.1] AndroidManifest.xml:39:17-78
96-->[com.google.firebase:firebase-auth:23.2.1] AndroidManifest.xml:39:27-75
97
98                <data
98-->[com.google.firebase:firebase-auth:23.2.1] AndroidManifest.xml:41:17-44:51
99                    android:host="firebase.auth"
99-->[com.google.firebase:firebase-auth:23.2.1] AndroidManifest.xml:42:21-49
100                    android:path="/"
100-->[com.google.firebase:firebase-auth:23.2.1] AndroidManifest.xml:43:21-37
101                    android:scheme="recaptcha" />
101-->[com.google.firebase:firebase-auth:23.2.1] AndroidManifest.xml:44:21-48
102            </intent-filter>
103        </activity>
104
105        <service
105-->[com.google.firebase:firebase-auth:23.2.1] AndroidManifest.xml:66:9-72:19
106            android:name="com.google.firebase.components.ComponentDiscoveryService"
106-->[com.google.firebase:firebase-auth:23.2.1] AndroidManifest.xml:67:13-84
107            android:directBootAware="true"
107-->[com.google.firebase:firebase-common:21.0.0] AndroidManifest.xml:32:13-43
108            android:exported="false" >
108-->[com.google.firebase:firebase-auth:23.2.1] AndroidManifest.xml:68:13-37
109            <meta-data
109-->[com.google.firebase:firebase-auth:23.2.1] AndroidManifest.xml:69:13-71:85
110                android:name="com.google.firebase.components:com.google.firebase.auth.FirebaseAuthRegistrar"
110-->[com.google.firebase:firebase-auth:23.2.1] AndroidManifest.xml:70:17-109
111                android:value="com.google.firebase.components.ComponentRegistrar" />
111-->[com.google.firebase:firebase-auth:23.2.1] AndroidManifest.xml:71:17-82
112            <meta-data
112-->[com.google.firebase:firebase-database:21.0.0] AndroidManifest.xml:29:13-31:85
113                android:name="com.google.firebase.components:com.google.firebase.database.FirebaseDatabaseKtxRegistrar"
113-->[com.google.firebase:firebase-database:21.0.0] AndroidManifest.xml:30:17-120
114                android:value="com.google.firebase.components.ComponentRegistrar" />
114-->[com.google.firebase:firebase-database:21.0.0] AndroidManifest.xml:31:17-82
115            <meta-data
115-->[com.google.firebase:firebase-database:21.0.0] AndroidManifest.xml:32:13-34:85
116                android:name="com.google.firebase.components:com.google.firebase.database.DatabaseRegistrar"
116-->[com.google.firebase:firebase-database:21.0.0] AndroidManifest.xml:33:17-109
117                android:value="com.google.firebase.components.ComponentRegistrar" />
117-->[com.google.firebase:firebase-database:21.0.0] AndroidManifest.xml:34:17-82
118            <meta-data
118-->[com.google.firebase:firebase-common-ktx:21.0.0] AndroidManifest.xml:12:13-14:85
119                android:name="com.google.firebase.components:com.google.firebase.ktx.FirebaseCommonLegacyRegistrar"
119-->[com.google.firebase:firebase-common-ktx:21.0.0] AndroidManifest.xml:13:17-116
120                android:value="com.google.firebase.components.ComponentRegistrar" />
120-->[com.google.firebase:firebase-common-ktx:21.0.0] AndroidManifest.xml:14:17-82
121            <meta-data
121-->[com.google.firebase:firebase-common:21.0.0] AndroidManifest.xml:35:13-37:85
122                android:name="com.google.firebase.components:com.google.firebase.FirebaseCommonKtxRegistrar"
122-->[com.google.firebase:firebase-common:21.0.0] AndroidManifest.xml:36:17-109
123                android:value="com.google.firebase.components.ComponentRegistrar" />
123-->[com.google.firebase:firebase-common:21.0.0] AndroidManifest.xml:37:17-82
124        </service>
125        <service
125-->[androidx.credentials:credentials-play-services-auth:1.2.0-rc01] AndroidManifest.xml:24:9-32:19
126            android:name="androidx.credentials.playservices.CredentialProviderMetadataHolder"
126-->[androidx.credentials:credentials-play-services-auth:1.2.0-rc01] AndroidManifest.xml:25:13-94
127            android:enabled="true"
127-->[androidx.credentials:credentials-play-services-auth:1.2.0-rc01] AndroidManifest.xml:26:13-35
128            android:exported="false" >
128-->[androidx.credentials:credentials-play-services-auth:1.2.0-rc01] AndroidManifest.xml:27:13-37
129            <meta-data
129-->[androidx.credentials:credentials-play-services-auth:1.2.0-rc01] AndroidManifest.xml:29:13-31:104
130                android:name="androidx.credentials.CREDENTIAL_PROVIDER_KEY"
130-->[androidx.credentials:credentials-play-services-auth:1.2.0-rc01] AndroidManifest.xml:30:17-76
131                android:value="androidx.credentials.playservices.CredentialProviderPlayServicesImpl" />
131-->[androidx.credentials:credentials-play-services-auth:1.2.0-rc01] AndroidManifest.xml:31:17-101
132        </service>
133
134        <activity
134-->[androidx.credentials:credentials-play-services-auth:1.2.0-rc01] AndroidManifest.xml:34:9-41:20
135            android:name="androidx.credentials.playservices.HiddenActivity"
135-->[androidx.credentials:credentials-play-services-auth:1.2.0-rc01] AndroidManifest.xml:35:13-76
136            android:configChanges="orientation|screenSize|screenLayout|keyboardHidden"
136-->[androidx.credentials:credentials-play-services-auth:1.2.0-rc01] AndroidManifest.xml:36:13-87
137            android:enabled="true"
137-->[androidx.credentials:credentials-play-services-auth:1.2.0-rc01] AndroidManifest.xml:37:13-35
138            android:exported="false"
138-->[androidx.credentials:credentials-play-services-auth:1.2.0-rc01] AndroidManifest.xml:38:13-37
139            android:fitsSystemWindows="true"
139-->[androidx.credentials:credentials-play-services-auth:1.2.0-rc01] AndroidManifest.xml:39:13-45
140            android:theme="@style/Theme.Hidden" >
140-->[androidx.credentials:credentials-play-services-auth:1.2.0-rc01] AndroidManifest.xml:40:13-48
141        </activity>
142
143        <provider
143-->[com.google.firebase:firebase-common:21.0.0] AndroidManifest.xml:23:9-28:39
144            android:name="com.google.firebase.provider.FirebaseInitProvider"
144-->[com.google.firebase:firebase-common:21.0.0] AndroidManifest.xml:24:13-77
145            android:authorities="com.example.techno_pulse.firebaseinitprovider"
145-->[com.google.firebase:firebase-common:21.0.0] AndroidManifest.xml:25:13-72
146            android:directBootAware="true"
146-->[com.google.firebase:firebase-common:21.0.0] AndroidManifest.xml:26:13-43
147            android:exported="false"
147-->[com.google.firebase:firebase-common:21.0.0] AndroidManifest.xml:27:13-37
148            android:initOrder="100" />
148-->[com.google.firebase:firebase-common:21.0.0] AndroidManifest.xml:28:13-36
149
150        <activity
150-->[androidx.compose.ui:ui-tooling-android:1.7.0] AndroidManifest.xml:23:9-25:39
151            android:name="androidx.compose.ui.tooling.PreviewActivity"
151-->[androidx.compose.ui:ui-tooling-android:1.7.0] AndroidManifest.xml:24:13-71
152            android:exported="true" />
152-->[androidx.compose.ui:ui-tooling-android:1.7.0] AndroidManifest.xml:25:13-36
153        <activity
153-->[androidx.compose.ui:ui-test-manifest:1.7.0] AndroidManifest.xml:23:9-25:39
154            android:name="androidx.activity.ComponentActivity"
154-->[androidx.compose.ui:ui-test-manifest:1.7.0] AndroidManifest.xml:24:13-63
155            android:exported="true" />
155-->[androidx.compose.ui:ui-test-manifest:1.7.0] AndroidManifest.xml:25:13-36
156        <activity
156-->[com.google.android.gms:play-services-auth:20.7.0] AndroidManifest.xml:23:9-27:75
157            android:name="com.google.android.gms.auth.api.signin.internal.SignInHubActivity"
157-->[com.google.android.gms:play-services-auth:20.7.0] AndroidManifest.xml:24:13-93
158            android:excludeFromRecents="true"
158-->[com.google.android.gms:play-services-auth:20.7.0] AndroidManifest.xml:25:13-46
159            android:exported="false"
159-->[com.google.android.gms:play-services-auth:20.7.0] AndroidManifest.xml:26:13-37
160            android:theme="@android:style/Theme.Translucent.NoTitleBar" />
160-->[com.google.android.gms:play-services-auth:20.7.0] AndroidManifest.xml:27:13-72
161        <!--
162            Service handling Google Sign-In user revocation. For apps that do not integrate with
163            Google Sign-In, this service will never be started.
164        -->
165        <service
165-->[com.google.android.gms:play-services-auth:20.7.0] AndroidManifest.xml:33:9-37:51
166            android:name="com.google.android.gms.auth.api.signin.RevocationBoundService"
166-->[com.google.android.gms:play-services-auth:20.7.0] AndroidManifest.xml:34:13-89
167            android:exported="true"
167-->[com.google.android.gms:play-services-auth:20.7.0] AndroidManifest.xml:35:13-36
168            android:permission="com.google.android.gms.auth.api.signin.permission.REVOCATION_NOTIFICATION"
168-->[com.google.android.gms:play-services-auth:20.7.0] AndroidManifest.xml:36:13-107
169            android:visibleToInstantApps="true" />
169-->[com.google.android.gms:play-services-auth:20.7.0] AndroidManifest.xml:37:13-48
170
171        <activity
171-->[com.google.android.gms:play-services-base:18.1.0] AndroidManifest.xml:20:9-22:45
172            android:name="com.google.android.gms.common.api.GoogleApiActivity"
172-->[com.google.android.gms:play-services-base:18.1.0] AndroidManifest.xml:20:19-85
173            android:exported="false"
173-->[com.google.android.gms:play-services-base:18.1.0] AndroidManifest.xml:22:19-43
174            android:theme="@android:style/Theme.Translucent.NoTitleBar" />
174-->[com.google.android.gms:play-services-base:18.1.0] AndroidManifest.xml:21:19-78
175
176        <provider
176-->[androidx.emoji2:emoji2:1.3.0] AndroidManifest.xml:24:9-32:20
177            android:name="androidx.startup.InitializationProvider"
177-->[androidx.emoji2:emoji2:1.3.0] AndroidManifest.xml:25:13-67
178            android:authorities="com.example.techno_pulse.androidx-startup"
178-->[androidx.emoji2:emoji2:1.3.0] AndroidManifest.xml:26:13-68
179            android:exported="false" >
179-->[androidx.emoji2:emoji2:1.3.0] AndroidManifest.xml:27:13-37
180            <meta-data
180-->[androidx.emoji2:emoji2:1.3.0] AndroidManifest.xml:29:13-31:52
181                android:name="androidx.emoji2.text.EmojiCompatInitializer"
181-->[androidx.emoji2:emoji2:1.3.0] AndroidManifest.xml:30:17-75
182                android:value="androidx.startup" />
182-->[androidx.emoji2:emoji2:1.3.0] AndroidManifest.xml:31:17-49
183            <meta-data
183-->[androidx.lifecycle:lifecycle-process:2.8.3] AndroidManifest.xml:29:13-31:52
184                android:name="androidx.lifecycle.ProcessLifecycleInitializer"
184-->[androidx.lifecycle:lifecycle-process:2.8.3] AndroidManifest.xml:30:17-78
185                android:value="androidx.startup" />
185-->[androidx.lifecycle:lifecycle-process:2.8.3] AndroidManifest.xml:31:17-49
186            <meta-data
186-->[androidx.profileinstaller:profileinstaller:1.3.1] AndroidManifest.xml:29:13-31:52
187                android:name="androidx.profileinstaller.ProfileInstallerInitializer"
187-->[androidx.profileinstaller:profileinstaller:1.3.1] AndroidManifest.xml:30:17-85
188                android:value="androidx.startup" />
188-->[androidx.profileinstaller:profileinstaller:1.3.1] AndroidManifest.xml:31:17-49
189        </provider>
190
191        <meta-data
191-->[com.google.android.gms:play-services-basement:18.4.0] AndroidManifest.xml:6:9-122
192            android:name="com.google.android.gms.version"
192-->[com.google.android.gms:play-services-basement:18.4.0] AndroidManifest.xml:6:20-65
193            android:value="@integer/google_play_services_version" />
193-->[com.google.android.gms:play-services-basement:18.4.0] AndroidManifest.xml:6:66-119
194
195        <receiver
195-->[androidx.profileinstaller:profileinstaller:1.3.1] AndroidManifest.xml:34:9-52:20
196            android:name="androidx.profileinstaller.ProfileInstallReceiver"
196-->[androidx.profileinstaller:profileinstaller:1.3.1] AndroidManifest.xml:35:13-76
197            android:directBootAware="false"
197-->[androidx.profileinstaller:profileinstaller:1.3.1] AndroidManifest.xml:36:13-44
198            android:enabled="true"
198-->[androidx.profileinstaller:profileinstaller:1.3.1] AndroidManifest.xml:37:13-35
199            android:exported="true"
199-->[androidx.profileinstaller:profileinstaller:1.3.1] AndroidManifest.xml:38:13-36
200            android:permission="android.permission.DUMP" >
200-->[androidx.profileinstaller:profileinstaller:1.3.1] AndroidManifest.xml:39:13-57
201            <intent-filter>
201-->[androidx.profileinstaller:profileinstaller:1.3.1] AndroidManifest.xml:40:13-42:29
202                <action android:name="androidx.profileinstaller.action.INSTALL_PROFILE" />
202-->[androidx.profileinstaller:profileinstaller:1.3.1] AndroidManifest.xml:41:17-91
202-->[androidx.profileinstaller:profileinstaller:1.3.1] AndroidManifest.xml:41:25-88
203            </intent-filter>
204            <intent-filter>
204-->[androidx.profileinstaller:profileinstaller:1.3.1] AndroidManifest.xml:43:13-45:29
205                <action android:name="androidx.profileinstaller.action.SKIP_FILE" />
205-->[androidx.profileinstaller:profileinstaller:1.3.1] AndroidManifest.xml:44:17-85
205-->[androidx.profileinstaller:profileinstaller:1.3.1] AndroidManifest.xml:44:25-82
206            </intent-filter>
207            <intent-filter>
207-->[androidx.profileinstaller:profileinstaller:1.3.1] AndroidManifest.xml:46:13-48:29
208                <action android:name="androidx.profileinstaller.action.SAVE_PROFILE" />
208-->[androidx.profileinstaller:profileinstaller:1.3.1] AndroidManifest.xml:47:17-88
208-->[androidx.profileinstaller:profileinstaller:1.3.1] AndroidManifest.xml:47:25-85
209            </intent-filter>
210            <intent-filter>
210-->[androidx.profileinstaller:profileinstaller:1.3.1] AndroidManifest.xml:49:13-51:29
211                <action android:name="androidx.profileinstaller.action.BENCHMARK_OPERATION" />
211-->[androidx.profileinstaller:profileinstaller:1.3.1] AndroidManifest.xml:50:17-95
211-->[androidx.profileinstaller:profileinstaller:1.3.1] AndroidManifest.xml:50:25-92
212            </intent-filter>
213        </receiver> <!-- The activities will be merged into the manifest of the hosting app. -->
214        <activity
214-->[com.google.android.play:core-common:2.0.3] AndroidManifest.xml:14:9-18:65
215            android:name="com.google.android.play.core.common.PlayCoreDialogWrapperActivity"
215-->[com.google.android.play:core-common:2.0.3] AndroidManifest.xml:15:13-93
216            android:exported="false"
216-->[com.google.android.play:core-common:2.0.3] AndroidManifest.xml:16:13-37
217            android:stateNotNeeded="true"
217-->[com.google.android.play:core-common:2.0.3] AndroidManifest.xml:17:13-42
218            android:theme="@style/Theme.PlayCore.Transparent" />
218-->[com.google.android.play:core-common:2.0.3] AndroidManifest.xml:18:13-62
219    </application>
220
221</manifest>